<?xml version="1.0" encoding="UTF-8"?>
<!-- Generated by org.testng.reporters.JUnitReportReporter -->
<testsuite skipped="0" hostname="DESK0092" name="com.navatar.scripts.DummyClass" tests="1" failures="0" timestamp="22 Jan 2018 07:52:55 GMT" time="13.684" errors="0">
  <testcase name="a" time="13.684" classname="com.navatar.scripts.DummyClass"/>
</testsuite> <!-- com.navatar.scripts.DummyClass -->
