<?xml version="1.0" encoding="UTF-8"?>
<!-- Generated by org.testng.reporters.JUnitReportReporter -->
<testsuite skipped="0" hostname="DESK0092" name="com.navatar.scripts.SmokeTestCase" tests="1" failures="0" timestamp="2020-03-09T13:29:09 IST" time="281.722" errors="0">
  <testcase name="Smoketc040_clearWorkSpace" time="281.722" classname="com.navatar.scripts.SmokeTestCase"/>
</testsuite> <!-- com.navatar.scripts.SmokeTestCase -->
