<?xml version="1.0" encoding="UTF-8"?>
<!-- Generated by org.testng.reporters.JUnitReportReporter -->
<testsuite skipped="0" hostname="DESK0092" name="com.navatar.scripts.Module2" tests="1" failures="0" timestamp="01 Oct 2019 10:39:11 GMT" time="270.323" errors="0">
  <testcase name="M2tc002_2_createFolderTemplateOrg1" time="270.323" classname="com.navatar.scripts.Module2"/>
</testsuite> <!-- com.navatar.scripts.Module2 -->
