<?xml version="1.0" encoding="UTF-8"?>
<!-- Generated by org.testng.reporters.JUnitReportReporter -->
<testsuite skipped="0" hostname="DESK0092" name="com.navatar.scripts.Module15" tests="2" failures="0" timestamp="30 Dec 2019 17:34:50 GMT" time="12742.299" errors="0">
  <testcase name="M15tc044_1_BuildWorkspaceForFund2" time="12290.774" classname="com.navatar.scripts.Module15"/>
  <testcase name="M15tc044_2_verifyFolderStructure" time="451.525" classname="com.navatar.scripts.Module15"/>
</testsuite> <!-- com.navatar.scripts.Module15 -->
