<?xml version="1.0" encoding="UTF-8"?>
<!-- Generated by org.testng.reporters.JUnitReportReporter -->
<testsuite skipped="0" hostname="DESK0091" name="com.navatar.scripts.Module5" tests="1" failures="0" timestamp="04 Sep 2018 12:03:08 GMT" time="236.806" errors="0">
  <testcase name="tc020_2_verifyInvitedFolderStructureAtInvestorSide" time="236.806" classname="com.navatar.scripts.Module5"/>
</testsuite> <!-- com.navatar.scripts.Module5 -->
