<?xml version="1.0" encoding="UTF-8"?>
<!-- Generated by org.testng.reporters.JUnitReportReporter -->
<testsuite skipped="0" hostname="DESK0092" name="com.navatar.scripts.Module12" tests="38" failures="0" timestamp="08 Oct 2019 15:28:32 GMT" time="17835.984" errors="0">
  <testcase name="M12tc046_2_VerifyDocumentViewedDocumentDownloadedAlertAtCRMSide" time="276.886" classname="com.navatar.scripts.Module12"/>
  <testcase name="M12tc043_1_ViewDownloadDocumentFromAllFirms" time="325.735" classname="com.navatar.scripts.Module12"/>
  <testcase name="M12tc060_2_VerifyDocumentViewedDocumentDownloadedAlertForUpdatedFile" time="269.703" classname="com.navatar.scripts.Module12"/>
  <testcase name="M12tc061_UpdateInvestmentInfoCRMSideAndVerifyAlerts" time="278.860" classname="com.navatar.scripts.Module12"/>
  <testcase name="M12tc063_RemoveContactPartialAccessAndVerifyAlerts" time="742.307" classname="com.navatar.scripts.Module12"/>
  <testcase name="M12tc071_BuildWorkspaceAgainAndInviteContactAndVerifyAlerts" time="898.661" classname="com.navatar.scripts.Module12"/>
  <testcase name="M12tc043_2_VerifyDocumentViewedDocumentDownloadedAlertAtCRMSide" time="251.583" classname="com.navatar.scripts.Module12"/>
  <testcase name="M12tc059_UpdateDocumentFromCRMSideAndVerifyOpeningOfUpdatedDocumentFromAlerts" time="1123.305" classname="com.navatar.scripts.Module12"/>
  <testcase name="M12tc069_AgainAddInvestorThroughManageInvestorInTheContactAndVerifyAlerts" time="600.926" classname="com.navatar.scripts.Module12"/>
  <testcase name="M12tc065_AgainInviteContactAndVerifyAlerts" time="592.766" classname="com.navatar.scripts.Module12"/>
  <testcase name="M12tc058_2_VerifyNoNewDocumentViewedAlertWhenInvestorTriesToAccessAlreadyDeletedDocument" time="192.160" classname="com.navatar.scripts.Module12"/>
  <testcase name="M12tc062_VerifyRemovalOfContactProfileUpdateAndFirmProfileUpdatedAlertAfterRemovingCompleteAccessForAContact" time="682.844" classname="com.navatar.scripts.Module12"/>
  <testcase name="M12tc052_VerifyShowPicklistAtFundPage" time="332.234" classname="com.navatar.scripts.Module12"/>
  <testcase name="M12tc064_DeleteLastInvitedFolderAndVerifyAlerts" time="655.114" classname="com.navatar.scripts.Module12"/>
  <testcase name="M12tc057_DeleteDocumentFromCRMSideAndVerifyErrorMessage" time="1147.948" classname="com.navatar.scripts.Module12"/>
  <testcase name="M12tc047_CreateInvestorWorkspaceForFund2AndInviteSameContact" time="754.752" classname="com.navatar.scripts.Module12"/>
  <testcase name="M12tc048_2_VerifyCreatedAlertsAtHomeFundContactPage" time="250.407" classname="com.navatar.scripts.Module12"/>
  <testcase name="M12tc048_1_ViewDownloadDocumentsFromInvestorSideForFund2" time="297.407" classname="com.navatar.scripts.Module12"/>
  <testcase name="M12tc055_VerifySortingAtContactPage" time="256.463" classname="com.navatar.scripts.Module12"/>
  <testcase name="M12tc053_VerifyShowPicklistAtContactPage" time="274.048" classname="com.navatar.scripts.Module12"/>
  <testcase name="M12tc066_CloseWorkspaceAndVerifyAlerts" time="985.471" classname="com.navatar.scripts.Module12"/>
  <testcase name="M12tc068_RemoveInvestorFromManageInvestorAndVerifyAlerts" time="718.541" classname="com.navatar.scripts.Module12"/>
  <testcase name="M12tc056_DeleteContactUpdateEmailIDOfContactAndVerifyErrorMessage" time="313.357" classname="com.navatar.scripts.Module12"/>
  <testcase name="M12tc070_ClearWorkspaceAndVerifyAlerts" time="750.407" classname="com.navatar.scripts.Module12"/>
  <testcase name="M12tc046_1_ViewDownloadDocumentFromPEFirmCurrentInvestment" time="387.085" classname="com.navatar.scripts.Module12"/>
  <testcase name="M12tc044_2_VerifyDocumentViewedDocumentDownloadedAlertAtCRMSide" time="247.221" classname="com.navatar.scripts.Module12"/>
  <testcase name="M12tc050_2_VerifyDocumentUpdatedAlertAtHomeFundContactPage" time="184.656" classname="com.navatar.scripts.Module12"/>
  <testcase name="M12tc060_1_VerifyDocumentViewedDocumentDownloadedAlertForUpdatedFile" time="316.963" classname="com.navatar.scripts.Module12"/>
  <testcase name="M12tc049_2_verifyDocumentUploadedAlertAtHomeFundContactPage" time="225.041" classname="com.navatar.scripts.Module12"/>
  <testcase name="M12tc058_1_VerifyNoNewDocumentViewedAlertWhenInvestorTriesToAccessAlreadyDeletedDocument" time="314.418" classname="com.navatar.scripts.Module12"/>
  <testcase name="M12tc045_1_ViewDownloadDocumentFromPEFirmRecentDocuments" time="316.332" classname="com.navatar.scripts.Module12"/>
  <testcase name="M12tc050_1_UpdateDocumentFromInvestorSide" time="362.922" classname="com.navatar.scripts.Module12"/>
  <testcase name="M12tc049_1_UploadDocumentFromInvestorSide" time="404.137" classname="com.navatar.scripts.Module12"/>
  <testcase name="M12tc044_1_ViewDownloadDcumentFromPEFirmAllDocuments" time="304.545" classname="com.navatar.scripts.Module12"/>
  <testcase name="M12tc054_VerifySortingAtFundPage" time="427.848" classname="com.navatar.scripts.Module12"/>
  <testcase name="M12tc045_2_VerifyDocumentViewedDocumentDownloadedAlertAtCRMSide" time="273.237" classname="com.navatar.scripts.Module12"/>
  <testcase name="M12tc051_VerifyFundDocumentContactHyperlinkInAlerts" time="455.173" classname="com.navatar.scripts.Module12"/>
  <testcase name="M12tc067_AgainInviteContactAfterCloseWorkspaceAndVerifyAlerts" time="644.521" classname="com.navatar.scripts.Module12"/>
</testsuite> <!-- com.navatar.scripts.Module12 -->
