<?xml version="1.0" encoding="UTF-8"?>
<!-- Generated by org.testng.reporters.JUnitReportReporter -->
<testsuite skipped="0" hostname="DESK0091" name="com.navatar.scripts.Module3" tests="2" failures="0" timestamp="27 Aug 2018 13:55:53 GMT" time="713.453" errors="0">
  <testcase name="tc133_2_buildAgainFWRINVWorkSpaceAndCheckImpactInvestorSide" time="109.439" classname="com.navatar.scripts.Module3"/>
  <testcase name="tc133_1_buildAgainFWRINVWorkSpaceAndCheckImpactInvestorSide" time="604.014" classname="com.navatar.scripts.Module3"/>
</testsuite> <!-- com.navatar.scripts.Module3 -->
