<?xml version="1.0" encoding="UTF-8"?>
<!-- Generated by org.testng.reporters.JUnitReportReporter -->
<testsuite skipped="0" hostname="DESK0092" name="com.navatar.scripts.Module10" tests="15" failures="1" timestamp="10 Dec 2019 11:00:03 GMT" time="5690.358" errors="0">
  <testcase name="M10tc020_VerifyConfirmationPopUpReceivedMailAtInvestorSideVerifyCreateActivityAtContactAndAccountPage" time="457.520" classname="com.navatar.scripts.Module10">
    <failure type="java.lang.AssertionError" message="The following asserts failed:
	Verification of Contact Email link is unsuccessfull.	Screenshot Name: M10tc020_VerifyConfirmationPopUpReceivedMailAtInvestorSideVerifyCreateActivityAtContactAndAccountPage2019_12_10_03_41_24.png	 expected [true] but found [false]">
      <![CDATA[java.lang.AssertionError: The following asserts failed:
	Verification of Contact Email link is unsuccessfull.	Screenshot Name: M10tc020_VerifyConfirmationPopUpReceivedMailAtInvestorSideVerifyCreateActivityAtContactAndAccountPage2019_12_10_03_41_24.png	 expected [true] but found [false]
	at com.navatar.generic.SoftAssert.assertAll(SoftAssert.java:84)
	at com.navatar.scripts.Module10.M10tc020_VerifyConfirmationPopUpReceivedMailAtInvestorSideVerifyCreateActivityAtContactAndAccountPage(Module10.java:7939)
	at sun.reflect.NativeMethodAccessorImpl.invoke0(Native Method)
	at sun.reflect.NativeMethodAccessorImpl.invoke(Unknown Source)
	at sun.reflect.DelegatingMethodAccessorImpl.invoke(Unknown Source)
	at java.lang.reflect.Method.invoke(Unknown Source)
	at org.testng.internal.MethodInvocationHelper.invokeMethod(MethodInvocationHelper.java:108)
	at org.testng.internal.Invoker.invokeMethod(Invoker.java:661)
	at org.testng.internal.Invoker.invokeTestMethod(Invoker.java:869)
	at org.testng.internal.Invoker.invokeTestMethods(Invoker.java:1193)
	at org.testng.internal.TestMethodWorker.invokeTestMethods(TestMethodWorker.java:126)
	at org.testng.internal.TestMethodWorker.run(TestMethodWorker.java:109)
	at org.testng.TestRunner.privateRun(TestRunner.java:744)
	at org.testng.TestRunner.run(TestRunner.java:602)
	at org.testng.SuiteRunner.runTest(SuiteRunner.java:380)
	at org.testng.SuiteRunner.runSequentially(SuiteRunner.java:375)
	at org.testng.SuiteRunner.privateRun(SuiteRunner.java:340)
	at org.testng.SuiteRunner.run(SuiteRunner.java:289)
	at org.testng.SuiteRunnerWorker.runSuite(SuiteRunnerWorker.java:52)
	at org.testng.SuiteRunnerWorker.run(SuiteRunnerWorker.java:86)
	at org.testng.TestNG.runSuitesSequentially(TestNG.java:1301)
	at org.testng.TestNG.runSuitesLocally(TestNG.java:1226)
	at org.testng.TestNG.runSuites(TestNG.java:1144)
	at org.testng.TestNG.run(TestNG.java:1115)
	at com.navatar.launcher.Executioner.testNgXmlSuite(Executioner.java:83)
	at com.navatar.launcher.Executioner.main(Executioner.java:89)
]]>
    </failure>
  </testcase> <!-- M10tc020_VerifyConfirmationPopUpReceivedMailAtInvestorSideVerifyCreateActivityAtContactAndAccountPage -->
  <testcase name="M10tc016_CheckVariousErrorMessageOnManageEmails" time="217.959" classname="com.navatar.scripts.Module10"/>
  <testcase name="M10tc022_InviteContactFromSharedParentFolderAgainInviteContactAndVerifyManageEmailIconInContactAccessPopup" time="479.729" classname="com.navatar.scripts.Module10"/>
  <testcase name="M10tc017_CheckPreviewAndEditLinkForIInvitationEmailTemplateOption" time="450.887" classname="com.navatar.scripts.Module10"/>
  <testcase name="M10tc024_UpdateFolderNameFundNameAndVerifyItsImpactInManageEmailsPopUpAndReceivedMail" time="395.536" classname="com.navatar.scripts.Module10"/>
  <testcase name="M10tc015_CreateFundraisingWorkspaceForFund2InviteAlreadyInvitedContactAndVerifyManageEmailsPopUp" time="276.790" classname="com.navatar.scripts.Module10"/>
  <testcase name="M10tc025_CheckRenamingOfContactAndAccountNameImpactOnManageEmailCheckDeletionOfContactAndChangeOfEmailImpactOnManageEmails" time="218.992" classname="com.navatar.scripts.Module10"/>
  <testcase name="M10tc028_postCondition" time="297.846" classname="com.navatar.scripts.Module10"/>
  <testcase name="M10tc018_CheckPreviewAndEditLinkForCustomEmailTemplateOption" time="411.871" classname="com.navatar.scripts.Module10"/>
  <testcase name="M10tc023_VerifyInvitationEmailsPopUpWithCustomEmailTemplate" time="315.854" classname="com.navatar.scripts.Module10"/>
  <testcase name="M10tc027_VerifyManageEmailsPopUpAfterInvitingContactAgain" time="258.507" classname="com.navatar.scripts.Module10"/>
  <testcase name="M10tc014_CheckRenamingOfContactAndAccountNameImpactOnManageEmail" time="420.212" classname="com.navatar.scripts.Module10"/>
  <testcase name="M10tc019_InviteContactAndVerifyManageEmailsPopUp" time="870.655" classname="com.navatar.scripts.Module10"/>
  <testcase name="M10tc021_CheckSearchingAndSortingOnManageEmail" time="301.365" classname="com.navatar.scripts.Module10"/>
  <testcase name="M10tc026_VerifyManageEmailsPopUpAfterRemovingCompleteAccessForAContact" time="316.635" classname="com.navatar.scripts.Module10"/>
</testsuite> <!-- com.navatar.scripts.Module10 -->
