<?xml version="1.0" encoding="UTF-8"?>
<!-- Generated by org.testng.reporters.JUnitReportReporter -->
<testsuite skipped="0" hostname="DESK0092" name="com.navatar.scripts.Module1" tests="1" failures="0" timestamp="01 Oct 2019 09:33:56 GMT" time="302.249" errors="0">
  <testcase name="M1tc025_postCondition" time="302.249" classname="com.navatar.scripts.Module1"/>
</testsuite> <!-- com.navatar.scripts.Module1 -->
