<?xml version="1.0" encoding="UTF-8"?>
<!-- Generated by org.testng.reporters.JUnitReportReporter -->
<testsuite skipped="0" hostname="DESK0092" name="com.navatar.scripts.Module7" tests="13" failures="0" timestamp="04 Oct 2019 12:33:42 GMT" time="7117.846" errors="0">
  <testcase name="M7tc099_SearchingInContactPageForPresentAndAbsentFiles" time="424.405" classname="com.navatar.scripts.Module7"/>
  <testcase name="M7tc102_SearchingInInvestorPageForPresentAndAbsentFiles" time="587.783" classname="com.navatar.scripts.Module7"/>
  <testcase name="M7tc100_SearchingInLimitedPartnerForPresentAndAbsentFiles" time="502.565" classname="com.navatar.scripts.Module7"/>
  <testcase name="M7tc097_SearchingInFundsPageForPresentAndAbsentFiles" time="704.360" classname="com.navatar.scripts.Module7"/>
  <testcase name="M7tc103_3_UpdateCRMUserNameAndCheckOnContentGrid_ImpactCRM" time="172.661" classname="com.navatar.scripts.Module7"/>
  <testcase name="M7tc104_CheckLinksUploadedByAndFirmName" time="412.658" classname="com.navatar.scripts.Module7"/>
  <testcase name="M7tc101_SearchingInCommitmentPageForPresentAndAbsentFiles" time="463.062" classname="com.navatar.scripts.Module7"/>
  <testcase name="M7tc103_1_UpdateCRMUserNameAndCheckOnContentGrid_VerifyUI" time="1818.033" classname="com.navatar.scripts.Module7"/>
  <testcase name="M7tc103_2_UpdateCRMUserNameAndCheckOnContentGrid_Action" time="149.005" classname="com.navatar.scripts.Module7"/>
  <testcase name="M7tc096_3_DeleteFilesFromAllFolderAllPageInvestorSide" time="241.429" classname="com.navatar.scripts.Module7"/>
  <testcase name="M7tc096_2_DeleteFilesActionmAllFolderAllPageCRMSide" time="599.201" classname="com.navatar.scripts.Module7"/>
  <testcase name="M7tc098_SearchingInInstitutionPageForPresentAndAbsentFiles" time="723.695" classname="com.navatar.scripts.Module7"/>
  <testcase name="M7tc103_4_UpdateCRMUserNameAndCheckOnContentGrid_RevertBackChanges" time="318.989" classname="com.navatar.scripts.Module7"/>
</testsuite> <!-- com.navatar.scripts.Module7 -->
