<?xml version="1.0" encoding="UTF-8"?>
<!-- Generated by org.testng.reporters.JUnitReportReporter -->
<testsuite skipped="0" hostname="DESK0092" name="com.navatar.scripts.Module14" tests="36" failures="1" timestamp="09 Oct 2019 16:35:58 GMT" time="14547.034" errors="0">
  <testcase name="M14tc036_uploadFilesInINVAndCheckIPAnalytics" time="619.148" classname="com.navatar.scripts.Module14"/>
  <testcase name="M14tc049_approvePendingDocAndCheckImpact" time="601.873" classname="com.navatar.scripts.Module14"/>
  <testcase name="M14tc040_2_checkImpactAtIPAnalytics" time="263.865" classname="com.navatar.scripts.Module14"/>
  <testcase name="M14tc062_downloadReportFromExportTabInIPAnalytics" time="274.850" classname="com.navatar.scripts.Module14"/>
  <testcase name="M14tc041_changeEmailAndDeleteContactAtCRMSideAndCheckImpact" time="303.882" classname="com.navatar.scripts.Module14"/>
  <testcase name="M14tc044_1_viewUpdatedDocFromInvestorSideAndCheckImpact" time="340.448" classname="com.navatar.scripts.Module14"/>
  <testcase name="M14tc042_1_downloadDocFromInvestorSideAndCheckImpact" time="452.608" classname="com.navatar.scripts.Module14"/>
  <testcase name="M14tc048_onlineImportDocInINV" time="680.434" classname="com.navatar.scripts.Module14"/>
  <testcase name="M14tc043_2_updateFilesInINVAndCheckIPAnalytics" time="576.515" classname="com.navatar.scripts.Module14"/>
  <testcase name="M14tc056_removeContactAccessFromContactPageAndCheckImpact" time="367.688" classname="com.navatar.scripts.Module14"/>
  <testcase name="M14tc059_reInviteContactAccessAndCheckImpact" time="370.578" classname="com.navatar.scripts.Module14"/>
  <testcase name="M14tc044_2_checkImpactAtIPAnalytics" time="235.390" classname="com.navatar.scripts.Module14"/>
  <testcase name="M14tc055_addLPFromManageInstorAndCheckImpact" time="433.936" classname="com.navatar.scripts.Module14"/>
  <testcase name="M14tc042_2_checkImpactAtIPAnalytics" time="241.823" classname="com.navatar.scripts.Module14"/>
  <testcase name="M14tc043_1_UpdateFileInvestorSideAndCheckImpactAtAnalytics" time="319.737" classname="com.navatar.scripts.Module14"/>
  <testcase name="M14tc038_2_checkImpactAtIPAnalytics" time="294.383" classname="com.navatar.scripts.Module14"/>
  <testcase name="M14tc046_1_viewDiffNameUpdatedDocFromInvestorSide" time="393.287" classname="com.navatar.scripts.Module14"/>
  <testcase name="M14tc051_verifySortingInAnalyticsPopUpsInINV" time="279.852" classname="com.navatar.scripts.Module14"/>
  <testcase name="M14tc058_removeContactAccessAndCheckImpact" time="337.744" classname="com.navatar.scripts.Module14"/>
  <testcase name="M14tc037_verifySortingInAnalyticsPopUpsInINV" time="233.165" classname="com.navatar.scripts.Module14"/>
  <testcase name="M14tc060_closeInvestorWorkSpaceAndCheckImpact" time="570.382" classname="com.navatar.scripts.Module14"/>
  <testcase name="M14tc064_inviteContactInINV" time="279.001" classname="com.navatar.scripts.Module14"/>
  <testcase name="M14tc054_removeLPFromManageInstorAndCheckImpact" time="360.723" classname="com.navatar.scripts.Module14"/>
  <testcase name="M14tc039_accessDocFromCRMSideAndCheckImpact" time="579.504" classname="com.navatar.scripts.Module14">
    <failure type="java.lang.AssertionError" message="The following asserts failed:
	Contact Name M14TestUpdated Contact1Updated is not available in Document not Viewed or Download pop up so cannot click on it.	Screenshot Name: M14tc039_accessDocFromCRMSideAndCheckImpact2019_10_09_06_40_35.png	 expected [true] but found [false]">
      <![CDATA[java.lang.AssertionError: The following asserts failed:
	Contact Name M14TestUpdated Contact1Updated is not available in Document not Viewed or Download pop up so cannot click on it.	Screenshot Name: M14tc039_accessDocFromCRMSideAndCheckImpact2019_10_09_06_40_35.png	 expected [true] but found [false]
	at com.navatar.generic.SoftAssert.assertAll(SoftAssert.java:84)
	at com.navatar.scripts.Module14.M14tc039_accessDocFromCRMSideAndCheckImpact(Module14.java:6590)
	at sun.reflect.NativeMethodAccessorImpl.invoke0(Native Method)
	at sun.reflect.NativeMethodAccessorImpl.invoke(Unknown Source)
	at sun.reflect.DelegatingMethodAccessorImpl.invoke(Unknown Source)
	at java.lang.reflect.Method.invoke(Unknown Source)
	at org.testng.internal.MethodInvocationHelper.invokeMethod(MethodInvocationHelper.java:108)
	at org.testng.internal.Invoker.invokeMethod(Invoker.java:669)
	at org.testng.internal.Invoker.invokeTestMethod(Invoker.java:877)
	at org.testng.internal.Invoker.invokeTestMethods(Invoker.java:1201)
	at org.testng.internal.TestMethodWorker.invokeTestMethods(TestMethodWorker.java:125)
	at org.testng.internal.TestMethodWorker.run(TestMethodWorker.java:109)
	at org.testng.TestRunner.privateRun(TestRunner.java:776)
	at org.testng.TestRunner.run(TestRunner.java:634)
	at org.testng.SuiteRunner.runTest(SuiteRunner.java:425)
	at org.testng.SuiteRunner.runSequentially(SuiteRunner.java:420)
	at org.testng.SuiteRunner.privateRun(SuiteRunner.java:385)
	at org.testng.SuiteRunner.run(SuiteRunner.java:334)
	at org.testng.SuiteRunnerWorker.runSuite(SuiteRunnerWorker.java:52)
	at org.testng.SuiteRunnerWorker.run(SuiteRunnerWorker.java:86)
	at org.testng.TestNG.runSuitesSequentially(TestNG.java:1318)
	at org.testng.TestNG.runSuitesLocally(TestNG.java:1243)
	at org.testng.TestNG.runSuites(TestNG.java:1161)
	at org.testng.TestNG.run(TestNG.java:1129)
	at com.navatar.launcher.Executioner.testNgXmlSuite(Executioner.java:83)
	at com.navatar.launcher.Executioner.main(Executioner.java:89)
]]>
    </failure>
  </testcase> <!-- M14tc039_accessDocFromCRMSideAndCheckImpact -->
  <testcase name="M14tc040_1_viewDocFromInvestorSideAndCheckImpact" time="397.934" classname="com.navatar.scripts.Module14"/>
  <testcase name="M14tc050_2_checkImpactAtIPAnalytics" time="249.177" classname="com.navatar.scripts.Module14"/>
  <testcase name="M14tc045_updateDocWIthDiffNameAndCheckImpact" time="635.338" classname="com.navatar.scripts.Module14"/>
  <testcase name="M14tc046_2_checkImpactAtIPAnalytics" time="236.424" classname="com.navatar.scripts.Module14"/>
  <testcase name="M14tc050_1_viewOnlineImportDocFromInvestorSideAndCheckImpact" time="523.600" classname="com.navatar.scripts.Module14"/>
  <testcase name="M14tc061_againInviteContactAccessAndCheckImpact" time="367.047" classname="com.navatar.scripts.Module14"/>
  <testcase name="M14tc057_reInviteContactAccessAndCheckImpact" time="367.356" classname="com.navatar.scripts.Module14"/>
  <testcase name="M14tc038_1_uploadFilesInvestorSideAndCheckImpactAtAnalytics" time="508.968" classname="com.navatar.scripts.Module14"/>
  <testcase name="M14tc047_activateManageApprovalsSettings" time="160.462" classname="com.navatar.scripts.Module14"/>
  <testcase name="M14tc053_inviteContact3AndDeleteSharedFolder" time="482.018" classname="com.navatar.scripts.Module14"/>
  <testcase name="M14tc063_clearInvestorWorkspaceAndBuildAgain" time="693.411" classname="com.navatar.scripts.Module14"/>
  <testcase name="M14tc052_deleteDocAndCheckImpact" time="514.483" classname="com.navatar.scripts.Module14"/>
</testsuite> <!-- com.navatar.scripts.Module14 -->
